<?xml version="1.0" encoding="UTF-8"?>
<!-- Generated by org.testng.reporters.JUnitXMLReporter -->
<testsuite hostname="DESKTOP-3H06R2P" ignored="8" name="Test" tests="10" failures="0" timestamp="29 Aug 2018 11:41:54 GMT" time="180.947" errors="0">
  <testcase name="createLead" time="4.825" classname="testcases.TC001_CreateLead"/>
  <testcase name="createLead" time="5.058" classname="testcases.TC001_CreateLead"/>
  <testcase name="editLead" time="8.496" classname="testcases.TC002_EditLead"/>
  <testcase name="editLead" time="8.753" classname="testcases.TC002_EditLead"/>
  <testcase name="deleteLead" time="9.019" classname="testcases.TC003_DeleteLead"/>
  <testcase name="deleteLead" time="8.639" classname="testcases.TC003_DeleteLead"/>
  <testcase name="duplicateLead" time="7.795" classname="testcases.TC004_DuplicateLead"/>
  <testcase name="duplicateLead" time="7.96" classname="testcases.TC004_DuplicateLead"/>
  <testcase name="mergeLead" time="9.902" classname="testcases.TC005_MergeLead"/>
  <testcase name="mergeLead" time="13.46" classname="testcases.TC005_MergeLead"/>
  <testcase name="@AfterSuite stopResult" time="0.0" classname="utils.LearnReport">
    <ignored/>
  </testcase> <!-- @AfterSuite stopResult -->
  <testcase name="@AfterSuite stopResult" time="0.0" classname="utils.LearnReport">
    <ignored/>
  </testcase> <!-- @AfterSuite stopResult -->
  <testcase name="@AfterSuite stopResult" time="0.0" classname="utils.LearnReport">
    <ignored/>
  </testcase> <!-- @AfterSuite stopResult -->
  <testcase name="@AfterSuite stopResult" time="0.0" classname="utils.LearnReport">
    <ignored/>
  </testcase> <!-- @AfterSuite stopResult -->
  <testcase name="@BeforeSuite startResult" time="0.0" classname="utils.LearnReport">
    <ignored/>
  </testcase> <!-- @BeforeSuite startResult -->
  <testcase name="@BeforeSuite startResult" time="0.0" classname="utils.LearnReport">
    <ignored/>
  </testcase> <!-- @BeforeSuite startResult -->
  <testcase name="@BeforeSuite startResult" time="0.0" classname="utils.LearnReport">
    <ignored/>
  </testcase> <!-- @BeforeSuite startResult -->
  <testcase name="@BeforeSuite startResult" time="0.0" classname="utils.LearnReport">
    <ignored/>
  </testcase> <!-- @BeforeSuite startResult -->
</testsuite> <!-- Test -->
